<?xml version="1.0" encoding="UTF-8"?>
<!-- Generated by org.testng.reporters.JUnitXMLReporter -->
<testsuite ignored="0" hostname="WarMachine" failures="0" tests="17" name="Default test" time="107.351" errors="0" timestamp="2024-05-30T20:55:47 IST">
  <testcase classname="testpkg.Testing" name="homescrolling" time="15.37"/>
  <testcase classname="testpkg.Testing" name="pfile" time="0.8"/>
  <testcase classname="testpkg.Testing" name="submission" time="6.308"/>
  <testcase classname="testpkg.Testing" name="homepage" time="16.404"/>
  <testcase classname="testpkg.Testing" name="filtering" time="5.756"/>
  <testcase classname="testpkg.Testing" name="scrolling" time="4.591"/>
  <testcase classname="testpkg.Testing" name="addingwishlist" time="4.064"/>
  <testcase classname="testpkg.Testing" name="cart" time="4.325"/>
  <testcase classname="testpkg.Testing" name="cartbtn" time="5.146"/>
  <testcase classname="testpkg.Testing" name="bagbtn" time="2.675"/>
  <testcase classname="testpkg.Testing" name="cout" time="6.947"/>
  <testcase classname="testpkg.Testing" name="clearingcart" time="2.76"/>
  <testcase classname="testpkg.Testing" name="lastprocess" time="11.891"/>
  <testcase classname="testpkg.Testing" name="screensht" time="4.539"/>
  <testcase classname="testpkg.Testing" name="logocheck" time="0.157"/>
  <testcase classname="testpkg.Testing" name="artsilk" time="0.14"/>
  <testcase classname="testpkg.Testing" name="exit" time="2.959"/>
</testsuite> <!-- Default test -->
