<?xml version="1.0" encoding="UTF-8"?>
<testng-results ignored="0" total="7" passed="7" failed="0" skipped="0">
  <reporter-output>
  </reporter-output>
  <suite started-at="2024-05-29T22:46:11 IST" name="Default suite" finished-at="2024-05-29T22:46:49 IST" duration-ms="38447">
    <groups>
    </groups>
    <test started-at="2024-05-29T22:46:11 IST" name="Default test" finished-at="2024-05-29T22:46:49 IST" duration-ms="38447">
      <class name="Testpkg.Testclass2">
        <test-method is-config="true" signature="setup()[pri:0, instance:Testpkg.Testclass2@2a7f1f10]" started-at="2024-05-29T22:46:11 IST" name="setup" finished-at="2024-05-29T22:46:19 IST" duration-ms="8490" status="PASS">
          <reporter-output>
          </reporter-output>
        </test-method> <!-- setup -->
        <test-method signature="signclicking()[pri:1, instance:Testpkg.Testclass2@2a7f1f10]" started-at="2024-05-29T22:46:19 IST" name="signclicking" finished-at="2024-05-29T22:46:20 IST" duration-ms="325" status="PASS">
          <reporter-output>
          </reporter-output>
        </test-method> <!-- signclicking -->
        <test-method signature="submission()[pri:2, instance:Testpkg.Testclass2@2a7f1f10]" started-at="2024-05-29T22:46:20 IST" name="submission" finished-at="2024-05-29T22:46:23 IST" duration-ms="3299" status="PASS">
          <reporter-output>
          </reporter-output>
        </test-method> <!-- submission -->
        <test-method signature="mousehoverwomen()[pri:3, instance:Testpkg.Testclass2@2a7f1f10]" started-at="2024-05-29T22:46:23 IST" name="mousehoverwomen" finished-at="2024-05-29T22:46:27 IST" duration-ms="4317" status="PASS">
          <reporter-output>
          </reporter-output>
        </test-method> <!-- mousehoverwomen -->
        <test-method signature="menselection()[pri:4, instance:Testpkg.Testclass2@2a7f1f10]" started-at="2024-05-29T22:46:27 IST" name="menselection" finished-at="2024-05-29T22:46:30 IST" duration-ms="2607" status="PASS">
          <reporter-output>
          </reporter-output>
        </test-method> <!-- menselection -->
        <test-method signature="menshirtselection()[pri:5, instance:Testpkg.Testclass2@2a7f1f10]" started-at="2024-05-29T22:46:30 IST" name="menshirtselection" finished-at="2024-05-29T22:46:44 IST" duration-ms="14009" status="PASS">
          <reporter-output>
          </reporter-output>
        </test-method> <!-- menshirtselection -->
        <test-method signature="logo()[pri:6, instance:Testpkg.Testclass2@2a7f1f10]" started-at="2024-05-29T22:46:44 IST" name="logo" finished-at="2024-05-29T22:46:44 IST" duration-ms="326" status="PASS">
          <reporter-output>
          </reporter-output>
        </test-method> <!-- logo -->
        <test-method signature="signoutclicks()[pri:7, instance:Testpkg.Testclass2@2a7f1f10]" started-at="2024-05-29T22:46:44 IST" name="signoutclicks" finished-at="2024-05-29T22:46:49 IST" duration-ms="5000" status="PASS">
          <reporter-output>
          </reporter-output>
        </test-method> <!-- signoutclicks -->
      </class> <!-- Testpkg.Testclass2 -->
    </test> <!-- Default test -->
  </suite> <!-- Default suite -->
</testng-results>
