<?xml version="1.0" encoding="UTF-8"?>
<!-- Generated by org.testng.reporters.JUnitXMLReporter -->
<testsuite ignored="0" hostname="WarMachine" failures="0" tests="7" name="Default test" time="38.447" errors="0" timestamp="2024-05-29T22:46:49 IST">
  <testcase classname="Testpkg.Testclass2" name="signclicking" time="0.325"/>
  <testcase classname="Testpkg.Testclass2" name="submission" time="3.299"/>
  <testcase classname="Testpkg.Testclass2" name="mousehoverwomen" time="4.317"/>
  <testcase classname="Testpkg.Testclass2" name="menselection" time="2.607"/>
  <testcase classname="Testpkg.Testclass2" name="menshirtselection" time="14.009"/>
  <testcase classname="Testpkg.Testclass2" name="logo" time="0.326"/>
  <testcase classname="Testpkg.Testclass2" name="signoutclicks" time="5.0"/>
</testsuite> <!-- Default test -->
